-------------------------------------------------------------------------------
>Log Session: Thursday, April 21, 2016 2:23:45 PM CEST
>System Info: 
  Product Version         = AsteroidsNetbeansModules 201510222201
  Operating System        = Windows 10 version 10.0 running on amd64
  Java; VM; Vendor        = 1.8.0_77; Java HotSpot(TM) 64-Bit Server VM 25.77-b03; Oracle Corporation
  Runtime                 = Java(TM) SE Runtime Environment 1.8.0_77-b03
  Java Home               = C:\Program Files\Java\jdk1.8.0_77\jre
  System Locale; Encoding = da_DK (asteroidsnetbeansmodules); Cp1252
  Home Directory          = C:\Users\nasib
  Current Directory       = C:\Users\nasib\Desktop\4semester\AsteroidsNetbeansModules\application\target\asteroidsnetbeansmodules
  User Directory          = C:\Users\nasib\Desktop\4semester\AsteroidsNetbeansModules\application\target\userdir
  Cache Directory         = C:\Users\nasib\Desktop\4semester\AsteroidsNetbeansModules\application\target\userdir\var\cache
  Installation            = C:\Users\nasib\Desktop\4semester\AsteroidsNetbeansModules\application\target\asteroidsnetbeansmodules\asteroidsnetbeansmodules
                            C:\Users\nasib\Desktop\4semester\AsteroidsNetbeansModules\application\target\asteroidsnetbeansmodules\bin
                            C:\Users\nasib\Desktop\4semester\AsteroidsNetbeansModules\application\target\asteroidsnetbeansmodules\etc
                            C:\Users\nasib\Desktop\4semester\AsteroidsNetbeansModules\application\target\asteroidsnetbeansmodules\extra
                            C:\Users\nasib\Desktop\4semester\AsteroidsNetbeansModules\application\target\asteroidsnetbeansmodules\platform
                            C:\Users\nasib\Desktop\4semester\AsteroidsNetbeansModules\application\target\asteroidsnetbeansmodules\platform
  Boot & Ext. Classpath   = C:\Program Files\Java\jdk1.8.0_77\jre\lib\resources.jar;C:\Program Files\Java\jdk1.8.0_77\jre\lib\rt.jar;C:\Program Files\Java\jdk1.8.0_77\jre\lib\sunrsasign.jar;C:\Program Files\Java\jdk1.8.0_77\jre\lib\jsse.jar;C:\Program Files\Java\jdk1.8.0_77\jre\lib\jce.jar;C:\Program Files\Java\jdk1.8.0_77\jre\lib\charsets.jar;C:\Program Files\Java\jdk1.8.0_77\jre\lib\jfr.jar;C:\Program Files\Java\jdk1.8.0_77\jre\classes;C:\Program Files\Java\jdk1.8.0_77\jre\lib\ext\access-bridge-64.jar;C:\Program Files\Java\jdk1.8.0_77\jre\lib\ext\cldrdata.jar;C:\Program Files\Java\jdk1.8.0_77\jre\lib\ext\dnsns.jar;C:\Program Files\Java\jdk1.8.0_77\jre\lib\ext\jaccess.jar;C:\Program Files\Java\jdk1.8.0_77\jre\lib\ext\jfxrt.jar;C:\Program Files\Java\jdk1.8.0_77\jre\lib\ext\localedata.jar;C:\Program Files\Java\jdk1.8.0_77\jre\lib\ext\nashorn.jar;C:\Program Files\Java\jdk1.8.0_77\jre\lib\ext\sunec.jar;C:\Program Files\Java\jdk1.8.0_77\jre\lib\ext\sunjce_provider.jar;C:\Program Files\Java\jdk1.8.0_77\jre\lib\ext\sunmscapi.jar;C:\Program Files\Java\jdk1.8.0_77\jre\lib\ext\sunpkcs11.jar;C:\Program Files\Java\jdk1.8.0_77\jre\lib\ext\zipfs.jar
  Application Classpath   = C:\Users\nasib\Desktop\4semester\AsteroidsNetbeansModules\application\target\asteroidsnetbeansmodules\platform\lib\boot.jar;C:\Users\nasib\Desktop\4semester\AsteroidsNetbeansModules\application\target\asteroidsnetbeansmodules\platform\lib\org-openide-modules.jar;C:\Users\nasib\Desktop\4semester\AsteroidsNetbeansModules\application\target\asteroidsnetbeansmodules\platform\lib\org-openide-util-lookup.jar;C:\Users\nasib\Desktop\4semester\AsteroidsNetbeansModules\application\target\asteroidsnetbeansmodules\platform\lib\org-openide-util-ui.jar;C:\Users\nasib\Desktop\4semester\AsteroidsNetbeansModules\application\target\asteroidsnetbeansmodules\platform\lib\org-openide-util.jar;C:\Users\nasib\Desktop\4semester\AsteroidsNetbeansModules\application\target\asteroidsnetbeansmodules\platform\lib\locale\boot_ja.jar;C:\Users\nasib\Desktop\4semester\AsteroidsNetbeansModules\application\target\asteroidsnetbeansmodules\platform\lib\locale\boot_pt_BR.jar;C:\Users\nasib\Desktop\4semester\AsteroidsNetbeansModules\application\target\asteroidsnetbeansmodules\platform\lib\locale\boot_ru.jar;C:\Users\nasib\Desktop\4semester\AsteroidsNetbeansModules\application\target\asteroidsnetbeansmodules\platform\lib\locale\boot_zh_CN.jar;C:\Users\nasib\Desktop\4semester\AsteroidsNetbeansModules\application\target\asteroidsnetbeansmodules\platform\lib\locale\org-openide-modules_ja.jar;C:\Users\nasib\Desktop\4semester\AsteroidsNetbeansModules\application\target\asteroidsnetbeansmodules\platform\lib\locale\org-openide-modules_pt_BR.jar;C:\Users\nasib\Desktop\4semester\AsteroidsNetbeansModules\application\target\asteroidsnetbeansmodules\platform\lib\locale\org-openide-modules_ru.jar;C:\Users\nasib\Desktop\4semester\AsteroidsNetbeansModules\application\target\asteroidsnetbeansmodules\platform\lib\locale\org-openide-modules_zh_CN.jar;C:\Users\nasib\Desktop\4semester\AsteroidsNetbeansModules\application\target\asteroidsnetbeansmodules\platform\lib\locale\org-openide-util-lookup_ja.jar;C:\Users\nasib\Desktop\4semester\AsteroidsNetbeansModules\application\target\asteroidsnetbeansmodules\platform\lib\locale\org-openide-util-lookup_pt_BR.jar;C:\Users\nasib\Desktop\4semester\AsteroidsNetbeansModules\application\target\asteroidsnetbeansmodules\platform\lib\locale\org-openide-util-lookup_ru.jar;C:\Users\nasib\Desktop\4semester\AsteroidsNetbeansModules\application\target\asteroidsnetbeansmodules\platform\lib\locale\org-openide-util-lookup_zh_CN.jar;C:\Users\nasib\Desktop\4semester\AsteroidsNetbeansModules\application\target\asteroidsnetbeansmodules\platform\lib\locale\org-openide-util-ui_ja.jar;C:\Users\nasib\Desktop\4semester\AsteroidsNetbeansModules\application\target\asteroidsnetbeansmodules\platform\lib\locale\org-openide-util-ui_pt_BR.jar;C:\Users\nasib\Desktop\4semester\AsteroidsNetbeansModules\application\target\asteroidsnetbeansmodules\platform\lib\locale\org-openide-util-ui_ru.jar;C:\Users\nasib\Desktop\4semester\AsteroidsNetbeansModules\application\target\asteroidsnetbeansmodules\platform\lib\locale\org-openide-util-ui_zh_CN.jar;C:\Users\nasib\Desktop\4semester\AsteroidsNetbeansModules\application\target\asteroidsnetbeansmodules\platform\lib\locale\org-openide-util_ja.jar;C:\Users\nasib\Desktop\4semester\AsteroidsNetbeansModules\application\target\asteroidsnetbeansmodules\platform\lib\locale\org-openide-util_pt_BR.jar;C:\Users\nasib\Desktop\4semester\AsteroidsNetbeansModules\application\target\asteroidsnetbeansmodules\platform\lib\locale\org-openide-util_ru.jar;C:\Users\nasib\Desktop\4semester\AsteroidsNetbeansModules\application\target\asteroidsnetbeansmodules\platform\lib\locale\org-openide-util_zh_CN.jar;C:\Program Files\Java\jdk1.8.0_77\lib\dt.jar;C:\Program Files\Java\jdk1.8.0_77\lib\tools.jar
  Startup Classpath       = C:\Users\nasib\Desktop\4semester\AsteroidsNetbeansModules\application\target\asteroidsnetbeansmodules\platform\core\asm-all-5.0.1.jar;C:\Users\nasib\Desktop\4semester\AsteroidsNetbeansModules\application\target\asteroidsnetbeansmodules\platform\core\core-base.jar;C:\Users\nasib\Desktop\4semester\AsteroidsNetbeansModules\application\target\asteroidsnetbeansmodules\platform\core\core.jar;C:\Users\nasib\Desktop\4semester\AsteroidsNetbeansModules\application\target\asteroidsnetbeansmodules\platform\core\org-netbeans-libs-asm.jar;C:\Users\nasib\Desktop\4semester\AsteroidsNetbeansModules\application\target\asteroidsnetbeansmodules\platform\core\org-openide-filesystems.jar;C:\Users\nasib\Desktop\4semester\AsteroidsNetbeansModules\application\target\asteroidsnetbeansmodules\platform\core\locale\core-base_ja.jar;C:\Users\nasib\Desktop\4semester\AsteroidsNetbeansModules\application\target\asteroidsnetbeansmodules\platform\core\locale\core-base_pt_BR.jar;C:\Users\nasib\Desktop\4semester\AsteroidsNetbeansModules\application\target\asteroidsnetbeansmodules\platform\core\locale\core-base_ru.jar;C:\Users\nasib\Desktop\4semester\AsteroidsNetbeansModules\application\target\asteroidsnetbeansmodules\platform\core\locale\core-base_zh_CN.jar;C:\Users\nasib\Desktop\4semester\AsteroidsNetbeansModules\application\target\asteroidsnetbeansmodules\platform\core\locale\core_ja.jar;C:\Users\nasib\Desktop\4semester\AsteroidsNetbeansModules\application\target\asteroidsnetbeansmodules\platform\core\locale\core_pt_BR.jar;C:\Users\nasib\Desktop\4semester\AsteroidsNetbeansModules\application\target\asteroidsnetbeansmodules\platform\core\locale\core_ru.jar;C:\Users\nasib\Desktop\4semester\AsteroidsNetbeansModules\application\target\asteroidsnetbeansmodules\platform\core\locale\core_zh_CN.jar;C:\Users\nasib\Desktop\4semester\AsteroidsNetbeansModules\application\target\asteroidsnetbeansmodules\platform\core\locale\org-netbeans-libs-asm_ja.jar;C:\Users\nasib\Desktop\4semester\AsteroidsNetbeansModules\application\target\asteroidsnetbeansmodules\platform\core\locale\org-netbeans-libs-asm_pt_BR.jar;C:\Users\nasib\Desktop\4semester\AsteroidsNetbeansModules\application\target\asteroidsnetbeansmodules\platform\core\locale\org-netbeans-libs-asm_ru.jar;C:\Users\nasib\Desktop\4semester\AsteroidsNetbeansModules\application\target\asteroidsnetbeansmodules\platform\core\locale\org-netbeans-libs-asm_zh_CN.jar;C:\Users\nasib\Desktop\4semester\AsteroidsNetbeansModules\application\target\asteroidsnetbeansmodules\platform\core\locale\org-openide-filesystems_ja.jar;C:\Users\nasib\Desktop\4semester\AsteroidsNetbeansModules\application\target\asteroidsnetbeansmodules\platform\core\locale\org-openide-filesystems_pt_BR.jar;C:\Users\nasib\Desktop\4semester\AsteroidsNetbeansModules\application\target\asteroidsnetbeansmodules\platform\core\locale\org-openide-filesystems_ru.jar;C:\Users\nasib\Desktop\4semester\AsteroidsNetbeansModules\application\target\asteroidsnetbeansmodules\platform\core\locale\org-openide-filesystems_zh_CN.jar;C:\Users\nasib\Desktop\4semester\AsteroidsNetbeansModules\application\target\asteroidsnetbeansmodules\asteroidsnetbeansmodules\core\locale\core_asteroidsnetbeansmodules.jar
-------------------------------------------------------------------------------
INFO [org.netbeans.core.startup.NbEvents]: Module patch or custom extension: C:\Users\nasib\Desktop\4semester\AsteroidsNetbeansModules\application\target\asteroidsnetbeansmodules\..\..\..\SilentUpdate\target\classes
INFO [org.netbeans.core.startup.NbEvents]: Module patch or custom extension: C:\Users\nasib\Desktop\4semester\AsteroidsNetbeansModules\application\target\asteroidsnetbeansmodules\..\..\..\Common\target\classes
INFO [org.netbeans.core.startup.NbEvents]: Module patch or custom extension: C:\Users\nasib\Desktop\4semester\AsteroidsNetbeansModules\application\target\asteroidsnetbeansmodules\..\..\..\branding\target\classes
INFO [org.netbeans.core.modules]: Using file:/C:/Users/nasib/Desktop/4semester/AsteroidsNetbeansModules/application/target/asteroidsnetbeansmodules/../../../SilentUpdate/target/classes/org/netbeans/modules/autoupdate/silentupdate/resources/layer.xml as layer for dk.sdu.mmmi.cbse.SilentUpdate not jar:file:/C:/Users/nasib/Desktop/4semester/AsteroidsNetbeansModules/application/target/asteroidsnetbeansmodules/asteroidsnetbeansmodules/modules/dk-sdu-mmmi-cbse-SilentUpdate.jar!/org/netbeans/modules/autoupdate/silentupdate/resources/layer.xml
INFO [org.netbeans.core.startup.NbEvents]: Turning on modules:
	org.openide.util.lookup [8.32.1 201510222201]
	org.openide.util [9.5.1 201510222201]
	org.openide.util.ui [9.4.1 201510222201]
	org.openide.modules [7.47.1 201510222201]
	org.netbeans.api.annotations.common/1 [1.26.1 201510222201]
	org.openide.filesystems [9.8.1 201510222201]
	org.netbeans.api.intent [1.1.1 201510222201]
	org.netbeans.api.io [1.2.1 201510222201]
	org.openide.io [1.48.1 201510222201]
	org.openide.awt [7.65.1 201510222201]
	org.netbeans.api.progress/1 [1.46.1 201510222201]
	org.netbeans.libs.asm [5.2.1 201510222201]
	org.netbeans.bootstrap/1 [2.74.1 201510222201]
	org.netbeans.core.startup.base [1.61.1.1 1 201510222201]
	org.netbeans.core.startup/1 [1.61.1.1 201510222201]
	org.netbeans.api.progress.nb [1.46.1 201510222201]
	org.netbeans.modules.autoupdate.services [1.51.1 201510222201]
	dk.sdu.mmmi.cbse.SilentUpdate [1.0 1.0-20160421 201604211222]
	dk.sdu.mmmi.cbse.Common [1.0 1.0-20160421 201604211222]
	dk.sdu.mmmi.cbse.Core [1.0 1.0-20160421 201604211222]
	dk.sdu.mmmi.cbse.AsteroidsNetbeansModules.branding [1.0 1.0-20160421 201604211222]
INFO [org.netbeans.modules.autoupdate.silentupdate]: None for install
INFO [null]: Last record repeated again.
INFO [org.netbeans.modules.autoupdate.silentupdate]: Update found: Enemy[dk.sdu.mmmi.cbse.Enemy/1.0]
INFO [org.netbeans.updater]: 780: Unpacking dk-sdu-mmmi-cbse-Enemy.nbm
INFO [org.netbeans.updater]: File installed C:\Users\nasib\Desktop\4semester\AsteroidsNetbeansModules\application\target\asteroidsnetbeansmodules\asteroidsnetbeansmodules\config\Modules\dk-sdu-mmmi-cbse-Enemy.xml@0
INFO [org.netbeans.updater]: Copied file netbeans/config/Modules/dk-sdu-mmmi-cbse-Enemy.xml to C:\Users\nasib\Desktop\4semester\AsteroidsNetbeansModules\application\target\asteroidsnetbeansmodules\asteroidsnetbeansmodules\config\Modules\dk-sdu-mmmi-cbse-Enemy.xml
INFO [org.netbeans.updater]: File installed C:\Users\nasib\Desktop\4semester\AsteroidsNetbeansModules\application\target\asteroidsnetbeansmodules\asteroidsnetbeansmodules\modules\dk-sdu-mmmi-cbse-Enemy.jar@0
INFO [org.netbeans.updater]: Copied file netbeans/modules/dk-sdu-mmmi-cbse-Enemy.jar to C:\Users\nasib\Desktop\4semester\AsteroidsNetbeansModules\application\target\asteroidsnetbeansmodules\asteroidsnetbeansmodules\modules\dk-sdu-mmmi-cbse-Enemy.jar
INFO [org.netbeans.updater]: File installed C:\Users\nasib\Desktop\4semester\AsteroidsNetbeansModules\application\target\asteroidsnetbeansmodules\asteroidsnetbeansmodules\modules\ext\dk.sdu.mmmi.cbse.Enemy\com-badlogicgames-gdx\gdx.jar@0
INFO [org.netbeans.updater]: Copied file netbeans/modules/ext/dk.sdu.mmmi.cbse.Enemy/com-badlogicgames-gdx/gdx.jar to C:\Users\nasib\Desktop\4semester\AsteroidsNetbeansModules\application\target\asteroidsnetbeansmodules\asteroidsnetbeansmodules\modules\ext\dk.sdu.mmmi.cbse.Enemy\com-badlogicgames-gdx\gdx.jar
INFO [org.netbeans.updater]: File C:\Users\nasib\Desktop\4semester\AsteroidsNetbeansModules\application\target\asteroidsnetbeansmodules\asteroidsnetbeansmodules\update\download\dk-sdu-mmmi-cbse-Enemy.nbm deleted.
INFO [org.netbeans.updater]: Use XML Transformer: com.sun.org.apache.xalan.internal.xsltc.trax.TransformerImpl@2d011877
INFO [org.netbeans.updater]: File C:\Users\nasib\Desktop\4semester\AsteroidsNetbeansModules\application\target\asteroidsnetbeansmodules\asteroidsnetbeansmodules\update_tracking\dk-sdu-mmmi-cbse-Enemy.xml modified.
INFO [org.netbeans.updater]: File installed C:\Users\nasib\Desktop\4semester\AsteroidsNetbeansModules\application\target\asteroidsnetbeansmodules\asteroidsnetbeansmodules\update_tracking\dk-sdu-mmmi-cbse-Enemy.xml@0
INFO [org.netbeans.updater]: File C:\Users\nasib\Desktop\4semester\AsteroidsNetbeansModules\application\target\asteroidsnetbeansmodules\asteroidsnetbeansmodules\update\download\additional_information.xml deleted.
WARNING [org.openide.util.lookup.ProxyLookup]
java.util.ConcurrentModificationException
	at java.util.ArrayList$Itr.checkForComodification(ArrayList.java:901)
	at java.util.ArrayList$Itr.next(ArrayList.java:851)
	at dk.sdu.mmmi.cbse.core.main.Game$1.resultChanged(Game.java:129)
[catch] at org.openide.util.lookup.ProxyLookup$1Notify.run(ProxyLookup.java:180)
	at org.openide.util.lookup.ProxyLookup.setLookups(ProxyLookup.java:189)
	at org.openide.util.lookup.ProxyLookup.setLookups(ProxyLookup.java:125)
	at org.netbeans.core.startup.MainLookup.changeLookups(MainLookup.java:218)
	at org.netbeans.core.startup.MainLookup.moduleClassLoadersUp(MainLookup.java:132)
	at org.netbeans.core.startup.MainLookup.systemClassLoaderChanged(MainLookup.java:120)
	at org.netbeans.core.startup.NbInstaller.classLoaderUp(NbInstaller.java:333)
	at org.netbeans.ModuleManager.enable(ModuleManager.java:1338)
	at org.netbeans.ModuleManager.enable(ModuleManager.java:1157)
	at org.netbeans.core.startup.ModuleList.installNew(ModuleList.java:340)
	at org.netbeans.core.startup.ModuleList.access$2400(ModuleList.java:118)
	at org.netbeans.core.startup.ModuleList$Listener.stepEnable(ModuleList.java:1409)
	at org.netbeans.core.startup.ModuleList$Listener.access$1400(ModuleList.java:1007)
	at org.netbeans.core.startup.ModuleList$Listener$1.run(ModuleList.java:1231)
	at org.openide.filesystems.EventControl.runAtomicAction(EventControl.java:127)
	at org.openide.filesystems.FileSystem.runAtomicAction(FileSystem.java:519)
	at org.netbeans.core.startup.ModuleList$Listener.run(ModuleList.java:1207)
	at org.openide.util.RequestProcessor$Task.run(RequestProcessor.java:1443)
	at org.netbeans.modules.openide.util.GlobalLookup.execute(GlobalLookup.java:68)
	at org.openide.util.lookup.Lookups.executeWith(Lookups.java:303)
	at org.openide.util.RequestProcessor$Processor.run(RequestProcessor.java:2058)
INFO [org.netbeans.core.startup.NbEvents]: Turning on modules:
	dk.sdu.mmmi.cbse.Enemy [1.0 1.0-20160421 201604211223]
INFO [org.netbeans.modules.autoupdate.silentupdate]: Install new modules done.
Turning on modules...
Loading module services...
Loading modules...
Turning on modules...done.
INFO [org.netbeans.modules.autoupdate.silentupdate]: None for install
INFO [null]: Last record repeated again.
